0/57
10/57
20/57
30/57
40/57
50/57
37
0/57
10/57
20/57
30/57
40/57
50/57
37
0/57
10/57
20/57
30/57
40/57
50/57
37
0/57
10/57
20/57
30/57
40/57
50/57
37
0/57
10/57
20/57
30/57
40/57
50/57
37

Top 5 Important Features:
1. Feature 2 → Importance Score
2. Feature 1 → Importance Score
3. Feature 4 → Importance Score
4. Feature 10 → Importance Score
5. Feature 17 → Importance Score
Saved all_feature_scores_per_exp_internal_cnn_ivan_gradcam_st.csv and all_feature_scores_summary_internal_cnn_ivan_gradcam_st.csv
