0/770
10/770
20/770
30/770
40/770
50/770
60/770
70/770
80/770
90/770
100/770
110/770
120/770
130/770
140/770
150/770
160/770
170/770
180/770
190/770
200/770
210/770
220/770
230/770
240/770
250/770
260/770
270/770
280/770
290/770
300/770
310/770
320/770
330/770
340/770
350/770
360/770
370/770
380/770
390/770
400/770
410/770
420/770
430/770
440/770
450/770
460/770
470/770
480/770
490/770
500/770
510/770
520/770
530/770
540/770
550/770
560/770
570/770
580/770
590/770
600/770
610/770
620/770
630/770
640/770
650/770
660/770
670/770
680/770
690/770
700/770
710/770
720/770
730/770
740/770
750/770
760/770
37
0/770
10/770
20/770
30/770
40/770
50/770
60/770
70/770
80/770
90/770
100/770
110/770
120/770
130/770
140/770
150/770
160/770
170/770
180/770
190/770
200/770
210/770
220/770
230/770
240/770
250/770
260/770
270/770
280/770
290/770
300/770
310/770
320/770
330/770
340/770
350/770
360/770
370/770
380/770
390/770
400/770
410/770
420/770
430/770
440/770
450/770
460/770
470/770
480/770
490/770
500/770
510/770
520/770
530/770
540/770
550/770
560/770
570/770
580/770
590/770
600/770
610/770
620/770
630/770
640/770
650/770
660/770
670/770
680/770
690/770
700/770
710/770
720/770
730/770
740/770
750/770
760/770
37
0/770
10/770
20/770
30/770
40/770
50/770
60/770
70/770
80/770
90/770
100/770
110/770
120/770
130/770
140/770
150/770
160/770
170/770
180/770
190/770
200/770
210/770
220/770
230/770
240/770
250/770
260/770
270/770
280/770
290/770
300/770
310/770
320/770
330/770
340/770
350/770
360/770
370/770
380/770
390/770
400/770
410/770
420/770
430/770
440/770
450/770
460/770
470/770
480/770
490/770
500/770
510/770
520/770
530/770
540/770
550/770
560/770
570/770
580/770
590/770
600/770
610/770
620/770
630/770
640/770
650/770
660/770
670/770
680/770
690/770
700/770
710/770
720/770
730/770
740/770
750/770
760/770
37
0/770
10/770
20/770
30/770
40/770
50/770
60/770
70/770
80/770
90/770
100/770
110/770
120/770
130/770
140/770
150/770
160/770
170/770
180/770
190/770
200/770
210/770
220/770
230/770
240/770
250/770
260/770
270/770
280/770
290/770
300/770
310/770
320/770
330/770
340/770
350/770
360/770
370/770
380/770
390/770
400/770
410/770
420/770
430/770
440/770
450/770
460/770
470/770
480/770
490/770
500/770
510/770
520/770
530/770
540/770
550/770
560/770
570/770
580/770
590/770
600/770
610/770
620/770
630/770
640/770
650/770
660/770
670/770
680/770
690/770
700/770
710/770
720/770
730/770
740/770
750/770
760/770
37
0/770
10/770
20/770
30/770
40/770
50/770
60/770
70/770
80/770
90/770
100/770
110/770
120/770
130/770
140/770
150/770
160/770
170/770
180/770
190/770
200/770
210/770
220/770
230/770
240/770
250/770
260/770
270/770
280/770
290/770
300/770
310/770
320/770
330/770
340/770
350/770
360/770
370/770
380/770
390/770
400/770
410/770
420/770
430/770
440/770
450/770
460/770
470/770
480/770
490/770
500/770
510/770
520/770
530/770
540/770
550/770
560/770
570/770
580/770
590/770
600/770
610/770
620/770
630/770
640/770
650/770
660/770
670/770
680/770
690/770
700/770
710/770
720/770
730/770
740/770
750/770
760/770
37

Top 5 Important Features:
1. Feature 2 → Importance Score
2. Feature 4 → Importance Score
3. Feature 10 → Importance Score
4. Feature 5 → Importance Score
5. Feature 1 → Importance Score
Saved all_feature_scores_per_exp_internal_cnn_gradcam_st.csv and all_feature_scores_summary_internal_cnn_gradcam_st.csv
