Traceback (most recent call last):
  File "/home/alexhernandez/transmembranebindingAI/Notebooks/Cholesterol/3DCNN/CNN3D_exp3.py", line 234, in <module>
    epoch_loss, grad_norm = train_model(model, dataloader, criterion, optimizer, device)
  File "/home/alexhernandez/transmembranebindingAI/Notebooks/Cholesterol/3DCNN/CNN3D_exp3.py", line 76, in train_model
    outputs = model(inputs)
  File "/home/alexhernandez/miniconda3/envs/cpp-ml/lib/python3.9/site-packages/torch/nn/modules/module.py", line 1736, in _wrapped_call_impl
    return self._call_impl(*args, **kwargs)
  File "/home/alexhernandez/miniconda3/envs/cpp-ml/lib/python3.9/site-packages/torch/nn/modules/module.py", line 1747, in _call_impl
    return forward_call(*args, **kwargs)
  File "/home/alexhernandez/transmembranebindingAI/Notebooks/Cholesterol/3DCNN/CNN3D_exp3.py", line 36, in forward
    x = self.pool(torch.relu(self.conv0(x)))  # Conv0 -> ReLU -> Pooling
  File "/home/alexhernandez/miniconda3/envs/cpp-ml/lib/python3.9/site-packages/torch/nn/modules/module.py", line 1736, in _wrapped_call_impl
    return self._call_impl(*args, **kwargs)
  File "/home/alexhernandez/miniconda3/envs/cpp-ml/lib/python3.9/site-packages/torch/nn/modules/module.py", line 1747, in _call_impl
    return forward_call(*args, **kwargs)
  File "/home/alexhernandez/miniconda3/envs/cpp-ml/lib/python3.9/site-packages/torch/nn/modules/conv.py", line 725, in forward
    return self._conv_forward(input, self.weight, self.bias)
  File "/home/alexhernandez/miniconda3/envs/cpp-ml/lib/python3.9/site-packages/torch/nn/modules/conv.py", line 720, in _conv_forward
    return F.conv3d(
torch.OutOfMemoryError: CUDA out of memory. Tried to allocate 3.30 GiB. GPU 0 has a total capacity of 3.94 GiB of which 1.94 GiB is free. Including non-PyTorch memory, this process has 1.99 GiB memory in use. Of the allocated memory 1.91 GiB is allocated by PyTorch, and 17.22 MiB is reserved by PyTorch but unallocated. If reserved but unallocated memory is large try setting PYTORCH_CUDA_ALLOC_CONF=expandable_segments:True to avoid fragmentation.  See documentation for Memory Management  (https://pytorch.org/docs/stable/notes/cuda.html#environment-variables)
